<?xml version="1.0" encoding="UTF-8"?>
<testsuite xmlns:xsi="http://www.w3.org/2001/XMLSchema-instance" xsi:noNamespaceSchemaLocation="https://maven.apache.org/surefire/maven-surefire-plugin/xsd/surefire-test-report-3.0.xsd" version="3.0" name="TestSuite" time="7.058" tests="2" errors="0" skipped="0" failures="1">
  <properties>
    <property name="sun.desktop" value="gnome"/>
    <property name="awt.toolkit" value="sun.awt.X11.XToolkit"/>
    <property name="java.specification.version" value="11"/>
    <property name="webdriver.chrome.driver" value="/home/vekataramana/.m2/repository/webdriver/chromedriver/linux64/92.0.4515.43/chromedriver"/>
    <property name="sun.cpu.isalist" value=""/>
    <property name="sun.jnu.encoding" value="UTF-8"/>
    <property name="java.class.path" value="/home/vekataramana/eclipse-workspace/Weyyak_Maven/target/test-classes:/home/vekataramana/eclipse-workspace/Weyyak_Maven/target/classes:/home/vekataramana/.m2/repository/org/seleniumhq/selenium/selenium-java/3.141.59/selenium-java-3.141.59.jar:/home/vekataramana/.m2/repository/org/seleniumhq/selenium/selenium-api/3.141.59/selenium-api-3.141.59.jar:/home/vekataramana/.m2/repository/org/seleniumhq/selenium/selenium-chrome-driver/3.141.59/selenium-chrome-driver-3.141.59.jar:/home/vekataramana/.m2/repository/org/seleniumhq/selenium/selenium-edge-driver/3.141.59/selenium-edge-driver-3.141.59.jar:/home/vekataramana/.m2/repository/org/seleniumhq/selenium/selenium-firefox-driver/3.141.59/selenium-firefox-driver-3.141.59.jar:/home/vekataramana/.m2/repository/org/seleniumhq/selenium/selenium-ie-driver/3.141.59/selenium-ie-driver-3.141.59.jar:/home/vekataramana/.m2/repository/org/seleniumhq/selenium/selenium-opera-driver/3.141.59/selenium-opera-driver-3.141.59.jar:/home/vekataramana/.m2/repository/org/seleniumhq/selenium/selenium-remote-driver/3.141.59/selenium-remote-driver-3.141.59.jar:/home/vekataramana/.m2/repository/org/seleniumhq/selenium/selenium-safari-driver/3.141.59/selenium-safari-driver-3.141.59.jar:/home/vekataramana/.m2/repository/org/seleniumhq/selenium/selenium-support/3.141.59/selenium-support-3.141.59.jar:/home/vekataramana/.m2/repository/net/bytebuddy/byte-buddy/1.8.15/byte-buddy-1.8.15.jar:/home/vekataramana/.m2/repository/org/apache/commons/commons-exec/1.3/commons-exec-1.3.jar:/home/vekataramana/.m2/repository/com/google/guava/guava/25.0-jre/guava-25.0-jre.jar:/home/vekataramana/.m2/repository/com/google/code/findbugs/jsr305/1.3.9/jsr305-1.3.9.jar:/home/vekataramana/.m2/repository/org/checkerframework/checker-compat-qual/2.0.0/checker-compat-qual-2.0.0.jar:/home/vekataramana/.m2/repository/com/google/errorprone/error_prone_annotations/2.1.3/error_prone_annotations-2.1.3.jar:/home/vekataramana/.m2/repository/com/google/j2objc/j2objc-annotations/1.1/j2objc-annotations-1.1.jar:/home/vekataramana/.m2/repository/org/codehaus/mojo/animal-sniffer-annotations/1.14/animal-sniffer-annotations-1.14.jar:/home/vekataramana/.m2/repository/com/squareup/okhttp3/okhttp/3.11.0/okhttp-3.11.0.jar:/home/vekataramana/.m2/repository/com/squareup/okio/okio/1.14.0/okio-1.14.0.jar:/home/vekataramana/.m2/repository/org/testng/testng/7.3.0/testng-7.3.0.jar:/home/vekataramana/.m2/repository/com/beust/jcommander/1.78/jcommander-1.78.jar:/home/vekataramana/.m2/repository/org/apache/ant/ant/1.10.3/ant-1.10.3.jar:/home/vekataramana/.m2/repository/org/apache/ant/ant-launcher/1.10.3/ant-launcher-1.10.3.jar:/home/vekataramana/.m2/repository/junit/junit/4.12/junit-4.12.jar:/home/vekataramana/.m2/repository/org/hamcrest/hamcrest-core/1.3/hamcrest-core-1.3.jar:/home/vekataramana/.m2/repository/com/google/inject/guice/4.2.2/guice-4.2.2-no_aop.jar:/home/vekataramana/.m2/repository/javax/inject/javax.inject/1/javax.inject-1.jar:/home/vekataramana/.m2/repository/aopalliance/aopalliance/1.0/aopalliance-1.0.jar:/home/vekataramana/.m2/repository/org/yaml/snakeyaml/1.21/snakeyaml-1.21.jar:/home/vekataramana/.m2/repository/commons-io/commons-io/2.8.0/commons-io-2.8.0.jar:/home/vekataramana/.m2/repository/io/github/bonigarcia/webdrivermanager/3.8.1/webdrivermanager-3.8.1.jar:/home/vekataramana/.m2/repository/org/slf4j/slf4j-api/1.7.25/slf4j-api-1.7.25.jar:/home/vekataramana/.m2/repository/com/google/code/gson/gson/2.8.5/gson-2.8.5.jar:/home/vekataramana/.m2/repository/org/apache/commons/commons-lang3/3.8.1/commons-lang3-3.8.1.jar:/home/vekataramana/.m2/repository/org/apache/httpcomponents/httpclient/4.5.6/httpclient-4.5.6.jar:/home/vekataramana/.m2/repository/org/apache/httpcomponents/httpcore/4.4.10/httpcore-4.4.10.jar:/home/vekataramana/.m2/repository/commons-logging/commons-logging/1.2/commons-logging-1.2.jar:/home/vekataramana/.m2/repository/commons-codec/commons-codec/1.10/commons-codec-1.10.jar:/home/vekataramana/.m2/repository/org/rauschig/jarchivelib/1.0.0/jarchivelib-1.0.0.jar:/home/vekataramana/.m2/repository/org/apache/commons/commons-compress/1.18/commons-compress-1.18.jar:/home/vekataramana/.m2/repository/org/jsoup/jsoup/1.11.3/jsoup-1.11.3.jar:/home/vekataramana/.m2/repository/org/apache/logging/log4j/log4j-api/2.13.3/log4j-api-2.13.3.jar:/home/vekataramana/.m2/repository/org/apache/logging/log4j/log4j-core/2.13.3/log4j-core-2.13.3.jar:/home/vekataramana/.m2/repository/com/aventstack/extentreports/5.0.1/extentreports-5.0.1.jar:/home/vekataramana/.m2/repository/io/reactivex/rxjava3/rxjava/3.0.4/rxjava-3.0.4.jar:/home/vekataramana/.m2/repository/org/reactivestreams/reactive-streams/1.0.3/reactive-streams-1.0.3.jar:/home/vekataramana/.m2/repository/org/freemarker/freemarker/2.3.30/freemarker-2.3.30.jar:/home/vekataramana/.m2/repository/org/projectlombok/lombok/1.18.12/lombok-1.18.12.jar:"/>
    <property name="java.vm.vendor" value="Ubuntu"/>
    <property name="sun.arch.data.model" value="64"/>
    <property name="java.vendor.url" value="https://ubuntu.com/"/>
    <property name="user.timezone" value="Asia/Kolkata"/>
    <property name="java.vm.specification.version" value="11"/>
    <property name="os.name" value="Linux"/>
    <property name="sun.java.launcher" value="SUN_STANDARD"/>
    <property name="user.country" value="IN"/>
    <property name="sun.boot.library.path" value="/usr/lib/jvm/java-11-openjdk-amd64/lib"/>
    <property name="sun.java.command" value="/home/vekataramana/eclipse-workspace/Weyyak_Maven/target/surefire/surefirebooter267580765816673362.jar /home/vekataramana/eclipse-workspace/Weyyak_Maven/target/surefire 2021-07-28T10-24-35_083-jvmRun1 surefire17657604828537520472tmp surefire_05708439811765316683tmp"/>
    <property name="jdk.debug" value="release"/>
    <property name="surefire.test.class.path" value="/home/vekataramana/eclipse-workspace/Weyyak_Maven/target/test-classes:/home/vekataramana/eclipse-workspace/Weyyak_Maven/target/classes:/home/vekataramana/.m2/repository/org/seleniumhq/selenium/selenium-java/3.141.59/selenium-java-3.141.59.jar:/home/vekataramana/.m2/repository/org/seleniumhq/selenium/selenium-api/3.141.59/selenium-api-3.141.59.jar:/home/vekataramana/.m2/repository/org/seleniumhq/selenium/selenium-chrome-driver/3.141.59/selenium-chrome-driver-3.141.59.jar:/home/vekataramana/.m2/repository/org/seleniumhq/selenium/selenium-edge-driver/3.141.59/selenium-edge-driver-3.141.59.jar:/home/vekataramana/.m2/repository/org/seleniumhq/selenium/selenium-firefox-driver/3.141.59/selenium-firefox-driver-3.141.59.jar:/home/vekataramana/.m2/repository/org/seleniumhq/selenium/selenium-ie-driver/3.141.59/selenium-ie-driver-3.141.59.jar:/home/vekataramana/.m2/repository/org/seleniumhq/selenium/selenium-opera-driver/3.141.59/selenium-opera-driver-3.141.59.jar:/home/vekataramana/.m2/repository/org/seleniumhq/selenium/selenium-remote-driver/3.141.59/selenium-remote-driver-3.141.59.jar:/home/vekataramana/.m2/repository/org/seleniumhq/selenium/selenium-safari-driver/3.141.59/selenium-safari-driver-3.141.59.jar:/home/vekataramana/.m2/repository/org/seleniumhq/selenium/selenium-support/3.141.59/selenium-support-3.141.59.jar:/home/vekataramana/.m2/repository/net/bytebuddy/byte-buddy/1.8.15/byte-buddy-1.8.15.jar:/home/vekataramana/.m2/repository/org/apache/commons/commons-exec/1.3/commons-exec-1.3.jar:/home/vekataramana/.m2/repository/com/google/guava/guava/25.0-jre/guava-25.0-jre.jar:/home/vekataramana/.m2/repository/com/google/code/findbugs/jsr305/1.3.9/jsr305-1.3.9.jar:/home/vekataramana/.m2/repository/org/checkerframework/checker-compat-qual/2.0.0/checker-compat-qual-2.0.0.jar:/home/vekataramana/.m2/repository/com/google/errorprone/error_prone_annotations/2.1.3/error_prone_annotations-2.1.3.jar:/home/vekataramana/.m2/repository/com/google/j2objc/j2objc-annotations/1.1/j2objc-annotations-1.1.jar:/home/vekataramana/.m2/repository/org/codehaus/mojo/animal-sniffer-annotations/1.14/animal-sniffer-annotations-1.14.jar:/home/vekataramana/.m2/repository/com/squareup/okhttp3/okhttp/3.11.0/okhttp-3.11.0.jar:/home/vekataramana/.m2/repository/com/squareup/okio/okio/1.14.0/okio-1.14.0.jar:/home/vekataramana/.m2/repository/org/testng/testng/7.3.0/testng-7.3.0.jar:/home/vekataramana/.m2/repository/com/beust/jcommander/1.78/jcommander-1.78.jar:/home/vekataramana/.m2/repository/org/apache/ant/ant/1.10.3/ant-1.10.3.jar:/home/vekataramana/.m2/repository/org/apache/ant/ant-launcher/1.10.3/ant-launcher-1.10.3.jar:/home/vekataramana/.m2/repository/junit/junit/4.12/junit-4.12.jar:/home/vekataramana/.m2/repository/org/hamcrest/hamcrest-core/1.3/hamcrest-core-1.3.jar:/home/vekataramana/.m2/repository/com/google/inject/guice/4.2.2/guice-4.2.2-no_aop.jar:/home/vekataramana/.m2/repository/javax/inject/javax.inject/1/javax.inject-1.jar:/home/vekataramana/.m2/repository/aopalliance/aopalliance/1.0/aopalliance-1.0.jar:/home/vekataramana/.m2/repository/org/yaml/snakeyaml/1.21/snakeyaml-1.21.jar:/home/vekataramana/.m2/repository/commons-io/commons-io/2.8.0/commons-io-2.8.0.jar:/home/vekataramana/.m2/repository/io/github/bonigarcia/webdrivermanager/3.8.1/webdrivermanager-3.8.1.jar:/home/vekataramana/.m2/repository/org/slf4j/slf4j-api/1.7.25/slf4j-api-1.7.25.jar:/home/vekataramana/.m2/repository/com/google/code/gson/gson/2.8.5/gson-2.8.5.jar:/home/vekataramana/.m2/repository/org/apache/commons/commons-lang3/3.8.1/commons-lang3-3.8.1.jar:/home/vekataramana/.m2/repository/org/apache/httpcomponents/httpclient/4.5.6/httpclient-4.5.6.jar:/home/vekataramana/.m2/repository/org/apache/httpcomponents/httpcore/4.4.10/httpcore-4.4.10.jar:/home/vekataramana/.m2/repository/commons-logging/commons-logging/1.2/commons-logging-1.2.jar:/home/vekataramana/.m2/repository/commons-codec/commons-codec/1.10/commons-codec-1.10.jar:/home/vekataramana/.m2/repository/org/rauschig/jarchivelib/1.0.0/jarchivelib-1.0.0.jar:/home/vekataramana/.m2/repository/org/apache/commons/commons-compress/1.18/commons-compress-1.18.jar:/home/vekataramana/.m2/repository/org/jsoup/jsoup/1.11.3/jsoup-1.11.3.jar:/home/vekataramana/.m2/repository/org/apache/logging/log4j/log4j-api/2.13.3/log4j-api-2.13.3.jar:/home/vekataramana/.m2/repository/org/apache/logging/log4j/log4j-core/2.13.3/log4j-core-2.13.3.jar:/home/vekataramana/.m2/repository/com/aventstack/extentreports/5.0.1/extentreports-5.0.1.jar:/home/vekataramana/.m2/repository/io/reactivex/rxjava3/rxjava/3.0.4/rxjava-3.0.4.jar:/home/vekataramana/.m2/repository/org/reactivestreams/reactive-streams/1.0.3/reactive-streams-1.0.3.jar:/home/vekataramana/.m2/repository/org/freemarker/freemarker/2.3.30/freemarker-2.3.30.jar:/home/vekataramana/.m2/repository/org/projectlombok/lombok/1.18.12/lombok-1.18.12.jar:"/>
    <property name="sun.cpu.endian" value="little"/>
    <property name="user.home" value="/home/vekataramana"/>
    <property name="user.language" value="en"/>
    <property name="java.specification.vendor" value="Oracle Corporation"/>
    <property name="java.version.date" value="2021-04-20"/>
    <property name="java.home" value="/usr/lib/jvm/java-11-openjdk-amd64"/>
    <property name="file.separator" value="/"/>
    <property name="basedir" value="/home/vekataramana/eclipse-workspace/Weyyak_Maven"/>
    <property name="java.vm.compressedOopsMode" value="Zero based"/>
    <property name="line.separator" value="&#10;"/>
    <property name="java.specification.name" value="Java Platform API Specification"/>
    <property name="java.vm.specification.vendor" value="Oracle Corporation"/>
    <property name="java.awt.graphicsenv" value="sun.awt.X11GraphicsEnvironment"/>
    <property name="surefire.real.class.path" value="/home/vekataramana/eclipse-workspace/Weyyak_Maven/target/surefire/surefirebooter267580765816673362.jar"/>
    <property name="sun.management.compiler" value="HotSpot 64-Bit Tiered Compilers"/>
    <property name="java.runtime.version" value="11.0.11+9-Ubuntu-0ubuntu2.20.04"/>
    <property name="user.name" value="vekataramana"/>
    <property name="path.separator" value=":"/>
    <property name="os.version" value="5.4.0-80-generic"/>
    <property name="java.runtime.name" value="OpenJDK Runtime Environment"/>
    <property name="file.encoding" value="UTF-8"/>
    <property name="java.vm.name" value="OpenJDK 64-Bit Server VM"/>
    <property name="localRepository" value="/home/vekataramana/.m2/repository"/>
    <property name="java.vendor.url.bug" value="https://bugs.launchpad.net/ubuntu/+source/openjdk-lts"/>
    <property name="java.io.tmpdir" value="/tmp"/>
    <property name="java.version" value="11.0.11"/>
    <property name="user.dir" value="/home/vekataramana/eclipse-workspace/Weyyak_Maven"/>
    <property name="os.arch" value="amd64"/>
    <property name="java.vm.specification.name" value="Java Virtual Machine Specification"/>
    <property name="java.awt.printerjob" value="sun.print.PSPrinterJob"/>
    <property name="sun.os.patch.level" value="unknown"/>
    <property name="java.library.path" value="/usr/java/packages/lib:/usr/lib/x86_64-linux-gnu/jni:/lib/x86_64-linux-gnu:/usr/lib/x86_64-linux-gnu:/usr/lib/jni:/lib:/usr/lib"/>
    <property name="java.vm.info" value="mixed mode, sharing"/>
    <property name="java.vendor" value="Ubuntu"/>
    <property name="java.vm.version" value="11.0.11+9-Ubuntu-0ubuntu2.20.04"/>
    <property name="sun.io.unicode.encoding" value="UnicodeLittle"/>
    <property name="java.class.version" value="55.0"/>
  </properties>
  <testcase name="validateAppTitle" classname="test_Cases.ValidateTitle" time="0.476">
    <failure message="expected [TEST] but found [SIGN IN]" type="java.lang.AssertionError"><![CDATA[java.lang.AssertionError: expected [TEST] but found [SIGN IN]
	at test_Cases.ValidateTitle.validateAppTitle(ValidateTitle.java:44)
]]></failure>
    <system-err><![CDATA[SLF4J: Failed to load class "org.slf4j.impl.StaticLoggerBinder".
SLF4J: Defaulting to no-operation (NOP) logger implementation
SLF4J: See http://www.slf4j.org/codes.html#StaticLoggerBinder for further details.
SSttaarrttiinngg  CChrhormoemDerDirvievre r9 29.20..04.541551.54.34 3( 8(c86c16b17be72e928998f92f929909d04d24f28f5895c9acacc771133119911337778778c7ccec-er-erfesf/sb/rbarnacnhc-hh-ehaedasd/s4/541551@5{@#{3#0360}6)} )o no np oprot r1t6 516780
6O5n
lOyn lyl loocacla lc ocnonnencetcitoinosn sa arree  aalllloowweedd..

PPlleeaassee  sseee eh thttptsp:s/://c/hcrhormoemderdirvievre.rc.hcrhormoimuimu.mo.rogr/gs/esceucruirtiyt-yc-ocnosnisdiedreartaitoinosn sf ofro rs usguggegsetsitoinosns  oonn  kkeeeeppiinngg  CChrhormoemDerDirvievre rs asfaef.e
.
CChhrroommeeDrDirvievre rw awsa ss tsatarrtteedd  ssuucccceessssffuullllyy..

Jul 28, 2021 10:24:37 AM org.openqa.selenium.remote.ProtocolHandshake createSession
INFO: Detected dialect: W3C
Jul 28, 2021 10:24:37 AM org.openqa.selenium.remote.ProtocolHandshake createSession
INFO: Detected dialect: W3C
]]></system-err>
  </testcase>
  <testcase name="homePageNavigation[testproduct@mailnesia.com, 12345678](1)" classname="test_Cases.HomepageTest" time="0.881">
    <system-out><![CDATA[Homepage Test completed
]]></system-out>
  </testcase>
</testsuite>