<?xml version="1.0" encoding="UTF-8"?>
<!-- Generated by org.testng.reporters.JUnitReportReporter -->
<testsuite hostname="it-ThinkCentre-M720q" failures="0" tests="1" name="test_Cases.HomepageTest" time="4.823" errors="0" timestamp="2021-07-19T18:16:05 IST" skipped="0">
  <testcase classname="test_Cases.HomepageTest" name="homePageNavigation" time="4.823"/>
  <system-out/>
</testsuite> <!-- test_Cases.HomepageTest -->
