<?xml version="1.0" encoding="UTF-8"?>
<!-- Generated by org.testng.reporters.JUnitReportReporter -->
<testsuite hostname="it-ThinkCentre-M720q" failures="0" tests="1" name="test_Cases.HomepageTest" time="0.881" errors="0" timestamp="2021-07-28T10:24:42 IST" skipped="0">
  <testcase classname="test_Cases.HomepageTest" name="homePageNavigation" time="0.881"/>
  <system-out/>
</testsuite> <!-- test_Cases.HomepageTest -->
